0 info it worked if it ends with ok
1 verbose cli [ 'C:\\Program Files\\nodejs\\\\node.exe',
1 verbose cli   'C:\\Program Files\\nodejs\\node_modules\\npm\\bin\\npm-cli.js',
1 verbose cli   'install',
1 verbose cli   'heroku-toolbelt',
1 verbose cli   '-g' ]
2 info using npm@1.4.28
3 info using node@v0.10.32
4 verbose node symlink C:\Program Files\nodejs\\node.exe
5 verbose cache add [ 'heroku-toolbelt', null ]
6 verbose cache add name=undefined spec="heroku-toolbelt" args=["heroku-toolbelt",null]
7 verbose parsed url { protocol: null,
7 verbose parsed url   slashes: null,
7 verbose parsed url   auth: null,
7 verbose parsed url   host: null,
7 verbose parsed url   port: null,
7 verbose parsed url   hostname: null,
7 verbose parsed url   hash: null,
7 verbose parsed url   search: null,
7 verbose parsed url   query: null,
7 verbose parsed url   pathname: 'heroku-toolbelt',
7 verbose parsed url   path: 'heroku-toolbelt',
7 verbose parsed url   href: 'heroku-toolbelt' }
8 silly lockFile 2f3c4a7f-heroku-toolbelt heroku-toolbelt
9 verbose lock heroku-toolbelt C:\Users\rumom_000\AppData\Roaming\npm-cache\2f3c4a7f-heroku-toolbelt.lock
10 silly lockFile 2f3c4a7f-heroku-toolbelt heroku-toolbelt
11 silly lockFile 2f3c4a7f-heroku-toolbelt heroku-toolbelt
12 verbose addNamed [ 'heroku-toolbelt', '' ]
13 verbose addNamed [ null, '*' ]
14 silly lockFile 6a3c39a4-heroku-toolbelt heroku-toolbelt@
15 verbose lock heroku-toolbelt@ C:\Users\rumom_000\AppData\Roaming\npm-cache\6a3c39a4-heroku-toolbelt.lock
16 silly addNameRange { name: 'heroku-toolbelt', range: '*', hasData: false }
17 verbose request where is /heroku-toolbelt
18 verbose request registry https://registry.npmjs.org/
19 verbose request id 81fcccd06661d9eb
20 verbose url raw /heroku-toolbelt
21 verbose url resolving [ 'https://registry.npmjs.org/', './heroku-toolbelt' ]
22 verbose url resolved https://registry.npmjs.org/heroku-toolbelt
23 verbose request where is https://registry.npmjs.org/heroku-toolbelt
24 info trying registry request attempt 1 at 16:38:30
25 http GET https://registry.npmjs.org/heroku-toolbelt
26 http 404 https://registry.npmjs.org/heroku-toolbelt
27 verbose headers { date: 'Tue, 21 Oct 2014 14:38:30 GMT',
27 verbose headers   server: 'CouchDB/1.5.0 (Erlang OTP/R14B04)',
27 verbose headers   'content-type': 'application/json',
27 verbose headers   'cache-control': 'max-age=0',
27 verbose headers   'content-length': '52',
27 verbose headers   'accept-ranges': 'bytes',
27 verbose headers   via: '1.1 varnish',
27 verbose headers   age: '0',
27 verbose headers   'x-served-by': 'cache-lcy1133-LCY',
27 verbose headers   'x-cache': 'MISS',
27 verbose headers   'x-cache-hits': '0',
27 verbose headers   'x-timer': 'S1413902310.170804,VS0,VE93',
27 verbose headers   'keep-alive': 'timeout=10, max=50',
27 verbose headers   connection: 'Keep-Alive' }
28 silly registry.get cb [ 404,
28 silly registry.get   { date: 'Tue, 21 Oct 2014 14:38:30 GMT',
28 silly registry.get     server: 'CouchDB/1.5.0 (Erlang OTP/R14B04)',
28 silly registry.get     'content-type': 'application/json',
28 silly registry.get     'cache-control': 'max-age=0',
28 silly registry.get     'content-length': '52',
28 silly registry.get     'accept-ranges': 'bytes',
28 silly registry.get     via: '1.1 varnish',
28 silly registry.get     age: '0',
28 silly registry.get     'x-served-by': 'cache-lcy1133-LCY',
28 silly registry.get     'x-cache': 'MISS',
28 silly registry.get     'x-cache-hits': '0',
28 silly registry.get     'x-timer': 'S1413902310.170804,VS0,VE93',
28 silly registry.get     'keep-alive': 'timeout=10, max=50',
28 silly registry.get     connection: 'Keep-Alive' } ]
29 silly lockFile 6a3c39a4-heroku-toolbelt heroku-toolbelt@
30 silly lockFile 6a3c39a4-heroku-toolbelt heroku-toolbelt@
31 error 404 404 Not Found: heroku-toolbelt
31 error 404
31 error 404 'heroku-toolbelt' is not in the npm registry.
31 error 404 You should bug the author to publish it
31 error 404
31 error 404 Note that you can also install from a
31 error 404 tarball, folder, or http url, or git url.
32 error System Windows_NT 6.2.9200
33 error command "C:\\Program Files\\nodejs\\\\node.exe" "C:\\Program Files\\nodejs\\node_modules\\npm\\bin\\npm-cli.js" "install" "heroku-toolbelt" "-g"
34 error cwd C:\Users\rumom_000\Dropbox\Cursos Mejorando.la\Programación Básica\clase8
35 error node -v v0.10.32
36 error npm -v 1.4.28
37 error code E404
38 verbose exit [ 1, true ]
